{
  message: 'Database connected Successfully',
  level: 'info',
  label: 'Programming Hero',
  timestamp: '2023-06-07T01:01:20.393Z'
}
{
  message: 'Application Listening on port 5000',
  level: 'info',
  label: 'Programming Hero',
  timestamp: '2023-06-07T01:01:20.403Z'
}
{
  message: 'Database connected Successfully',
  level: 'info',
  label: 'Programming Hero',
  timestamp: '2023-06-07T01:02:24.193Z'
}
{
  message: 'Application Listening on port 5000',
  level: 'info',
  label: 'Programming Hero',
  timestamp: '2023-06-07T01:02:24.205Z'
}
{
  message: 'Database connected Successfully',
  level: 'info',
  label: 'Programming Hero',
  timestamp: '2023-06-07T01:15:59.307Z'
}
{
  message: 'Application Listening on port 5000',
  level: 'info',
  label: 'Programming Hero',
  timestamp: '2023-06-07T01:15:59.312Z'
}
{
  message: 'Database connected Successfully',
  level: 'info',
  label: 'Programming Hero',
  timestamp: '2023-06-07T01:16:01.136Z'
}
{
  message: 'Application Listening on port 5000',
  level: 'info',
  label: 'Programming Hero',
  timestamp: '2023-06-07T01:16:01.146Z'
}
