{
  message: 'Database connected Successfully',
  level: 'info',
  label: 'Programming Hero',
  timestamp: '2023-06-07T19:33:07.517Z'
}
{
  message: 'Application Listening on port 5000',
  level: 'info',
  label: 'Programming Hero',
  timestamp: '2023-06-07T19:33:07.528Z'
}
{
  message: 'Database connected Successfully',
  level: 'info',
  label: 'Programming Hero',
  timestamp: '2023-06-07T19:35:14.188Z'
}
{
  message: 'Application Listening on port 5000',
  level: 'info',
  label: 'Programming Hero',
  timestamp: '2023-06-07T19:35:14.199Z'
}
