{
  message: 'Database connected Successfully',
  level: 'info',
  label: 'Programming Hero',
  timestamp: '2023-06-06T19:14:13.003Z'
}
{
  message: 'Application Listening on port 5000',
  level: 'info',
  label: 'Programming Hero',
  timestamp: '2023-06-06T19:14:13.015Z'
}
{
  message: 'Database connected Successfully',
  level: 'info',
  label: 'Programming Hero',
  timestamp: '2023-06-06T19:22:46.666Z'
}
{
  message: 'Application Listening on port 5000',
  level: 'info',
  label: 'Programming Hero',
  timestamp: '2023-06-06T19:22:46.676Z'
}
{
  message: 'Database connected Successfully',
  level: 'info',
  label: 'Programming Hero',
  timestamp: '2023-06-06T19:25:15.498Z'
}
{
  message: 'Application Listening on port 5000',
  level: 'info',
  label: 'Programming Hero',
  timestamp: '2023-06-06T19:25:15.504Z'
}
{
  message: 'Database connected Successfully',
  level: 'info',
  label: 'Programming Hero',
  timestamp: '2023-06-06T19:25:56.026Z'
}
{
  message: 'Application Listening on port 5000',
  level: 'info',
  label: 'Programming Hero',
  timestamp: '2023-06-06T19:25:56.034Z'
}
{
  message: 'Database connected Successfully',
  level: 'info',
  label: 'Programming Hero',
  timestamp: '2023-06-06T19:26:09.350Z'
}
{
  message: 'Application Listening on port 5000',
  level: 'info',
  label: 'Programming Hero',
  timestamp: '2023-06-06T19:26:09.364Z'
}
{
  message: 'Database connected Successfully',
  level: 'info',
  label: 'Programming Hero',
  timestamp: '2023-06-06T19:28:47.935Z'
}
{
  message: 'Application Listening on port 5000',
  level: 'info',
  label: 'Programming Hero',
  timestamp: '2023-06-06T19:28:47.955Z'
}
{
  message: 'Database connected Successfully',
  level: 'info',
  label: 'Programming Hero',
  timestamp: '2023-06-06T19:31:17.318Z'
}
{
  message: 'Application Listening on port 5000',
  level: 'info',
  label: 'Programming Hero',
  timestamp: '2023-06-06T19:31:17.328Z'
}
{
  message: 'Database connected Successfully',
  level: 'info',
  label: 'Programming Hero',
  timestamp: '2023-06-06T19:32:28.070Z'
}
{
  message: 'Application Listening on port 5000',
  level: 'info',
  label: 'Programming Hero',
  timestamp: '2023-06-06T19:32:28.081Z'
}
{
  message: 'Database connected Successfully',
  level: 'info',
  label: 'Programming Hero',
  timestamp: '2023-06-06T19:33:58.282Z'
}
{
  message: 'Application Listening on port 5000',
  level: 'info',
  label: 'Programming Hero',
  timestamp: '2023-06-06T19:33:58.291Z'
}
{
  message: 'Database connected Successfully',
  level: 'info',
  label: 'Programming Hero',
  timestamp: '2023-06-06T19:50:01.292Z'
}
{
  message: 'Application Listening on port 5000',
  level: 'info',
  label: 'Programming Hero',
  timestamp: '2023-06-06T19:50:01.297Z'
}
{
  message: 'Database connected Successfully',
  level: 'info',
  label: 'Programming Hero',
  timestamp: '2023-06-06T19:50:07.843Z'
}
{
  message: 'Application Listening on port 5000',
  level: 'info',
  label: 'Programming Hero',
  timestamp: '2023-06-06T19:50:07.855Z'
}
{
  message: 'Database connected Successfully',
  level: 'info',
  label: 'Programming Hero',
  timestamp: '2023-06-06T19:50:46.335Z'
}
{
  message: 'Application Listening on port 5000',
  level: 'info',
  label: 'Programming Hero',
  timestamp: '2023-06-06T19:50:46.354Z'
}
{
  message: 'Database connected Successfully',
  level: 'info',
  label: 'Programming Hero',
  timestamp: '2023-06-06T19:51:21.538Z'
}
{
  message: 'Application Listening on port 5000',
  level: 'info',
  label: 'Programming Hero',
  timestamp: '2023-06-06T19:51:21.547Z'
}
{
  message: 'Database connected Successfully',
  level: 'info',
  label: 'Programming Hero',
  timestamp: '2023-06-06T19:52:18.802Z'
}
{
  message: 'Application Listening on port 5000',
  level: 'info',
  label: 'Programming Hero',
  timestamp: '2023-06-06T19:52:18.807Z'
}
{
  message: 'Database connected Successfully',
  level: 'info',
  label: 'Programming Hero',
  timestamp: '2023-06-06T19:55:27.644Z'
}
{
  message: 'Application Listening on port 5000',
  level: 'info',
  label: 'Programming Hero',
  timestamp: '2023-06-06T19:55:27.649Z'
}
