{
  message: 'Database connected Successfully',
  level: 'info',
  label: 'Programming Hero',
  timestamp: '2023-06-08T20:04:15.689Z'
}
{
  message: 'Application Listening on port 5000',
  level: 'info',
  label: 'Programming Hero',
  timestamp: '2023-06-08T20:04:15.703Z'
}
{
  message: 'Database connected Successfully',
  level: 'info',
  label: 'Programming Hero',
  timestamp: '2023-06-08T20:11:20.944Z'
}
{
  message: 'Application Listening on port 5000',
  level: 'info',
  label: 'Programming Hero',
  timestamp: '2023-06-08T20:11:20.955Z'
}
{
  message: 'Database connected Successfully',
  level: 'info',
  label: 'Programming Hero',
  timestamp: '2023-06-08T20:13:06.996Z'
}
{
  message: 'Application Listening on port 5000',
  level: 'info',
  label: 'Programming Hero',
  timestamp: '2023-06-08T20:13:07.005Z'
}
{
  message: 'Database connected Successfully',
  level: 'info',
  label: 'Programming Hero',
  timestamp: '2023-06-08T20:30:02.017Z'
}
{
  message: 'Application Listening on port 5000',
  level: 'info',
  label: 'Programming Hero',
  timestamp: '2023-06-08T20:30:02.025Z'
}
{
  message: 'Database connected Successfully',
  level: 'info',
  label: 'Programming Hero',
  timestamp: '2023-06-08T20:31:03.006Z'
}
{
  message: 'Application Listening on port 5000',
  level: 'info',
  label: 'Programming Hero',
  timestamp: '2023-06-08T20:31:03.016Z'
}
{
  message: 'Database connected Successfully',
  level: 'info',
  label: 'Programming Hero',
  timestamp: '2023-06-08T20:31:24.316Z'
}
{
  message: 'Application Listening on port 5000',
  level: 'info',
  label: 'Programming Hero',
  timestamp: '2023-06-08T20:31:24.323Z'
}
{
  message: 'Database connected Successfully',
  level: 'info',
  label: 'Programming Hero',
  timestamp: '2023-06-08T20:31:49.070Z'
}
{
  message: 'Application Listening on port 5000',
  level: 'info',
  label: 'Programming Hero',
  timestamp: '2023-06-08T20:31:49.080Z'
}
{
  message: 'Database connected Successfully',
  level: 'info',
  label: 'Programming Hero',
  timestamp: '2023-06-08T20:47:41.854Z'
}
{
  message: 'Application Listening on port 5000',
  level: 'info',
  label: 'Programming Hero',
  timestamp: '2023-06-08T20:47:41.880Z'
}
{
  message: 'Database connected Successfully',
  level: 'info',
  label: 'Programming Hero',
  timestamp: '2023-06-08T20:48:51.033Z'
}
{
  message: 'Application Listening on port 5000',
  level: 'info',
  label: 'Programming Hero',
  timestamp: '2023-06-08T20:48:51.040Z'
}
{
  message: 'Database connected Successfully',
  level: 'info',
  label: 'Programming Hero',
  timestamp: '2023-06-08T20:51:07.655Z'
}
{
  message: 'Application Listening on port 5000',
  level: 'info',
  label: 'Programming Hero',
  timestamp: '2023-06-08T20:51:07.666Z'
}
{
  message: 'Database connected Successfully',
  level: 'info',
  label: 'Programming Hero',
  timestamp: '2023-06-08T20:52:11.973Z'
}
{
  message: 'Application Listening on port 5000',
  level: 'info',
  label: 'Programming Hero',
  timestamp: '2023-06-08T20:52:11.980Z'
}
{
  message: 'Database connected Successfully',
  level: 'info',
  label: 'Programming Hero',
  timestamp: '2023-06-08T20:52:18.523Z'
}
{
  message: 'Application Listening on port 5000',
  level: 'info',
  label: 'Programming Hero',
  timestamp: '2023-06-08T20:52:18.537Z'
}
