{
  message: 'Database connected Successfully',
  level: 'info',
  label: 'Programming Hero',
  timestamp: '2023-06-05T16:00:13.393Z'
}
{
  message: 'Application Listening on port 5000',
  level: 'info',
  label: 'Programming Hero',
  timestamp: '2023-06-05T16:00:13.404Z'
}
{
  message: 'Database connected Successfully',
  level: 'info',
  label: 'Programming Hero',
  timestamp: '2023-06-05T16:00:57.627Z'
}
{
  message: 'Application Listening on port 5000',
  level: 'info',
  label: 'Programming Hero',
  timestamp: '2023-06-05T16:00:57.637Z'
}
